<?xml version="1.0" encoding="UTF-8"?>
<testsuite xmlns:xsi="http://www.w3.org/2001/XMLSchema-instance" xsi:noNamespaceSchemaLocation="https://maven.apache.org/surefire/maven-surefire-plugin/xsd/surefire-test-report.xsd" name="QueryBuilderTest" time="0.256" tests="6" errors="0" skipped="0" failures="1">
  <properties>
[...]
</properties>
  <testcase name="shouldBuildComplexeQuery" classname="QueryBuilderTest" time="0.196">
    <failure message="expected:&lt;...{ &quot;tr&quot; : &quot;ggg&quot; }] }][, { &quot;tyyyty&quot; : &quot;12&quot; }, { &quot;dgdgd&quot; : &quot;ggg&quot; }] }] }&quot;&gt; but was:&lt;...{ &quot;tr&quot; : &quot;ggg&quot; }] }][] }] }&quot;&gt;" type="org.junit.ComparisonFailure"><![CDATA[org.junit.ComparisonFailure: expected:<...{ "tr" : "ggg" }] }][, { "tyyyty" : "12" }, { "dgdgd" : "ggg" }] }] }"> but was:<...{ "tr" : "ggg" }] }][] }] }">
	at QueryBuilderTest.shouldBuildComplexeQuery(QueryBuilderTest.java:42)
]]></failure>
  </testcase>
  <testcase name="shouldCreateSimpleCriteria" classname="QueryBuilderTest" time="0"/>
  <testcase name="shouldCreateTripleCriteria" classname="QueryBuilderTest" time="0"/>
  <testcase name="shouldCreateDoubleCriteria" classname="QueryBuilderTest" time="0"/>
  <testcase name="shouldCreateTripleCriteriaWithAnd" classname="QueryBuilderTest" time="0"/>
  <testcase name="shouldCreateTripleCriteriaWithOr" classname="QueryBuilderTest" time="0"/>
</testsuite>